Assignment 3
Commands file
********************************************************************************

Question 0
cat /etc/passwd

********************************************************************************

Question 1
sed '/1.0,"/w vendor2.csv' 2019-10.csv
wc vendor2.csv

********************************************************************************

Question 2
sed 's/://g; s/"//g; s/-//gw no-separators.csv' 2019-10.csv
head -10 no-separators.csv

********************************************************************************

Question 3
sed 's/,*[.][[:digit:]]*//gw no-fractions.csv' no-separators.csv
head -10 no-fractions.csv

********************************************************************************

Question 4
awk -f scriptfile 2019-10.csv > results.txt

********************************************************************************

Question 5
awk '{print $1, $2}' results.txt | sort -nrk2 |head -5

********************************************************************************
